<?xml version="1.0" encoding="UTF-8" ?>
<testsuites>
  <testsuite errors="0" failures="0" hostname="RAJITHA-LAPTOP" id="0" name="ToDoListTest" package="sg.edu.nus.iss.epat.tdd.workshop" skipped="0" tests="4" time="0.601" timestamp="2021-11-10T03:14:35">
      <properties>
[...]
</properties>

      <testcase classname="sg.edu.nus.iss.epat.tdd.workshop.ToDoListTest" name="testAddTask" time="0.014" />

      <testcase classname="sg.edu.nus.iss.epat.tdd.workshop.ToDoListTest" name="testGetCompletedTasks" time="0.001" />

      <testcase classname="sg.edu.nus.iss.epat.tdd.workshop.ToDoListTest" name="testRemoveTask" time="0.001" />

      <testcase classname="sg.edu.nus.iss.epat.tdd.workshop.ToDoListTest" name="testGetStatus" time="0.0" />

      <system-out><![CDATA[]]></system-out>

      <system-err><![CDATA[]]></system-err>

  </testsuite>
</testsuites>
